{
  "stats": {
    "suites": 1,
    "tests": 1,
    "passes": 1,
    "pending": 0,
    "failures": 0,
    "start": "2026-04-10T23:19:46.632Z",
    "end": "2026-04-10T23:20:03.252Z",
    "duration": 16620,
    "testsRegistered": 1,
    "passPercent": 100,
    "pendingPercent": 0,
    "other": 0,
    "hasOther": false,
    "skipped": 0,
    "hasSkipped": false
  },
  "results": [
    {
      "uuid": "4b66f256-c28f-47ff-acdb-aafdd839866c",
      "title": "",
      "fullFile": "/Users/ilovecoffee/Desktop/GoVet_folder/GoVet/Frontend/test/searchTest.js",
      "file": "/test/searchTest.js",
      "beforeHooks": [
        {
          "title": "\"before all\" hook: beforeAll in \"{root}\"",
          "fullTitle": "\"before all\" hook: beforeAll in \"{root}\"",
          "timedOut": false,
          "duration": 2,
          "state": null,
          "speed": null,
          "pass": false,
          "fail": false,
          "pending": false,
          "context": null,
          "code": "console.log(\"-----------------------------------------\");\nconsole.log(\"COMPROBANDO SESIÓN DEV...\");\nconsole.log(\"-----------------------------------------\");\n\nglobal.ACTIVE_SESSION_TOKEN = await getValidToken();\nconsole.log(\"-----------------------------------------\");\nconsole.log(\"SESIÓN LISTA. INICIANDO TESTS...\");\nconsole.log(\"-----------------------------------------\");",
          "err": {},
          "uuid": "42d9e2e0-fbb2-45a5-89c4-5d8ece97c168",
          "parentUUID": "4b66f256-c28f-47ff-acdb-aafdd839866c",
          "isHook": true,
          "skipped": false
        }
      ],
      "afterHooks": [],
      "tests": [],
      "suites": [
        {
          "uuid": "24b6f9fb-ee44-4367-8cb2-5d48ab0a483c",
          "title": "Pruebas de Tutores con API",
          "fullFile": "/Users/ilovecoffee/Desktop/GoVet_folder/GoVet/Frontend/test/searchTest.js",
          "file": "/test/searchTest.js",
          "beforeHooks": [
            {
              "title": "\"before all\" hook in \"Pruebas de Tutores con API\"",
              "fullTitle": "Pruebas de Tutores con API \"before all\" hook in \"Pruebas de Tutores con API\"",
              "timedOut": false,
              "duration": 4419,
              "state": null,
              "speed": null,
              "pass": false,
              "fail": false,
              "pending": false,
              "context": null,
              "code": "// Obtener el token del backdoor\ntoken = await getValidToken();\n// Crear el tutor de prueba\nconst tutorData = {\n    rut: TEST_RUT,\n    nombre: \"Tutor\",\n    apellido_paterno: \"Prueba\",\n    apellido_materno: \"Selenium\",\n    direccion: \"Calle Test 123\",\n    comuna: \"Valdivia\",\n    region: \"Los Ríos\",\n    telefono: 912345678, \n    celular: 912345678,\n    email: \"test@govet.cl\"\n};\nconst response = await fetch(\"http://127.0.0.1:4007/api/tutores/\", {\n    method: \"POST\",\n    headers: {\n        \"Content-Type\": \"application/json\",\n        \"Authorization\": `Bearer ${token}`,\n        \"Connection\": \"close\" \n    },\n    body: JSON.stringify(tutorData)\n});\nif (!response.ok) {\n    const errorDetail = await response.json();\n    console.log(\"ERROR DEL BACKEND:\", JSON.stringify(errorDetail, null, 2));\n    throw new Error(`Error ${response.status}: No se pudo crear el tutor`);\n}\ndriver = await new Builder().forBrowser(\"firefox\").build();\n\n// Cargar pagina para tener contexto\nawait driver.get(\"http://localhost:3007/\");\n// Inyectar el token\nawait driver.executeScript(\n    `localStorage.setItem('govet_session_token', '${token}');`\n);\n// Volver a la raiz para ser redireccionado y liberarse de la ruta login\nawait driver.get(\"http://localhost:3007/\");",
              "err": {},
              "uuid": "db4c7377-66dd-4004-8f19-c088b09e67ed",
              "parentUUID": "24b6f9fb-ee44-4367-8cb2-5d48ab0a483c",
              "isHook": true,
              "skipped": false
            }
          ],
          "afterHooks": [
            {
              "title": "\"after all\" hook in \"Pruebas de Tutores con API\"",
              "fullTitle": "Pruebas de Tutores con API \"after all\" hook in \"Pruebas de Tutores con API\"",
              "timedOut": false,
              "duration": 3761,
              "state": null,
              "speed": null,
              "pass": false,
              "fail": false,
              "pending": false,
              "context": null,
              "code": "await driver.sleep(3000);\nif (driver) await driver.quit();\n\n// Eliminar usuario de prueba\nawait fetch(`http://localhost:4007/api/tutores/${TEST_RUT}`, {\n    method: \"DELETE\",\n    headers: {\n        \"Content-Type\": \"application/json\",\n        \"Authorization\": `Bearer ${token}`\n    },\n});",
              "err": {},
              "uuid": "c918cdf2-2954-4d99-8cf7-1d43d56da723",
              "parentUUID": "24b6f9fb-ee44-4367-8cb2-5d48ab0a483c",
              "isHook": true,
              "skipped": false
            }
          ],
          "tests": [
            {
              "title": "Debería encontrar al tutor en la lista de búsqueda",
              "fullTitle": "Pruebas de Tutores con API Debería encontrar al tutor en la lista de búsqueda",
              "timedOut": false,
              "duration": 8426,
              "state": "passed",
              "speed": "slow",
              "pass": true,
              "fail": false,
              "pending": false,
              "context": null,
              "code": "await driver.get(\"http://localhost:3007/ver\");\nawait driver.sleep(DELAY_DEMO);\nconst botonTutores = await driver.wait(\n    until.elementLocated(By.css(\"#boton_busqueda_tutores\")),\n    2000\n);\nbotonTutores.click();\nawait driver.sleep(DELAY_DEMO);\nconst buscadorInput = await driver.wait(\n    until.elementLocated(By.css(\"#Barra_Busqueda input\")), \n    15000 \n);\nawait driver.wait(until.elementIsVisible(buscadorInput), 5000);\nawait buscadorInput.clear();\nawait buscadorInput.sendKeys(TEST_RUT, Key.ENTER);\nawait driver.sleep(DELAY_DEMO);\nconst filaTutor = await driver.wait(\nuntil.elementLocated(By.id(`tutor-item-${TEST_RUT}`)),\n    10000 \n); \nconst nombreVisible = await filaTutor.getText();\nnombreVisible.should.contain(\"Tutor Prueba\");\nawait filaTutor.click();\nawait driver.sleep(DELAY_DEMO);\nconsole.log(\"Test completado: Tutor encontrado y detalle abierto.\");",
              "err": {},
              "uuid": "0f7b9485-bccb-4226-a7fa-8fdaed4ee7e0",
              "parentUUID": "24b6f9fb-ee44-4367-8cb2-5d48ab0a483c",
              "isHook": false,
              "skipped": false
            }
          ],
          "suites": [],
          "passes": [
            "0f7b9485-bccb-4226-a7fa-8fdaed4ee7e0"
          ],
          "failures": [],
          "pending": [],
          "skipped": [],
          "duration": 8426,
          "root": false,
          "rootEmpty": false,
          "_timeout": 0
        }
      ],
      "passes": [],
      "failures": [],
      "pending": [],
      "skipped": [],
      "duration": 0,
      "root": true,
      "rootEmpty": true,
      "_timeout": 0
    }
  ],
  "meta": {
    "mocha": {
      "version": "11.7.5"
    },
    "mochawesome": {
      "options": {
        "quiet": false,
        "reportFilename": "mochawesome",
        "saveHtml": true,
        "saveJson": true,
        "consoleReporter": "spec",
        "useInlineDiffs": false,
        "code": true
      },
      "version": "7.1.4"
    },
    "marge": {
      "options": null,
      "version": "6.3.2"
    }
  }
}